<?xml version="1.0" encoding="UTF-8"?>
<testng-results ignored="0" total="1" passed="1" failed="0" skipped="0">
  <reporter-output>
  </reporter-output>
  <suite started-at="2023-06-05T23:31:12 ICT" name="Default suite" finished-at="2023-06-05T23:31:24 ICT" duration-ms="12863">
    <groups>
    </groups>
    <test started-at="2023-06-05T23:31:12 ICT" name="Default test" finished-at="2023-06-05T23:31:24 ICT" duration-ms="12863">
      <class name="testcases.Scenario3">
        <test-method is-config="true" signature="initBroswer()[pri:0, instance:testcases.Scenario3@2b71e916]" started-at="2023-06-05T23:31:12 ICT" name="initBroswer" finished-at="2023-06-05T23:31:19 ICT" duration-ms="7345" status="PASS">
          <reporter-output>
          </reporter-output>
        </test-method> <!-- initBroswer -->
        <test-method signature="testScenario3()[pri:0, instance:testcases.Scenario3@2b71e916]" started-at="2023-06-05T23:31:19 ICT" name="testScenario3" finished-at="2023-06-05T23:31:24 ICT" duration-ms="5477" status="PASS">
          <reporter-output>
          </reporter-output>
        </test-method> <!-- testScenario3 -->
      </class> <!-- testcases.Scenario3 -->
    </test> <!-- Default test -->
  </suite> <!-- Default suite -->
</testng-results>
